[0m2021.11.11 22:03:16 INFO  Started: Metals version 0.10.5 in workspace '/home/runner/Scala-Nix' .[0m
[0m2021.11.11 22:03:20 INFO  time: initialize in 4.73s[0m
[0m2021.11.11 22:03:23 WARN  Build server is not auto-connectable.[0m
[0m2021.11.11 22:03:23 WARN  no build tool detected in workspace '/home/runner/Scala-Nix'. The most common cause for this problem is that the editor was opened in the wrong working directory, for example if you use sbt then the workspace directory should contain build.sbt. [0m
[0m2022.01.19 18:54:23 INFO  Started: Metals version 0.10.5 in workspace '/home/runner/AOCDayTwenty' .[0m
[0m2022.01.19 18:54:24 INFO  Started: Metals version 0.10.5 in workspace '/home/runner/AOCDayTwenty' .[0m
[0m2022.01.19 18:54:46 INFO  time: initialize in 22s[0m
[0m2022.01.19 18:54:46 INFO  time: initialize in 22s[0m
[0m2022.01.19 18:54:55 WARN  resetting database: /home/runner/AOCDayTwenty/.metals/metals.h2.db[0m
[0m2022.01.19 18:54:55 WARN  Build server is not auto-connectable.[0m
[0m2022.01.19 18:54:55 WARN  no build tool detected in workspace '/home/runner/AOCDayTwenty'. The most common cause for this problem is that the editor was opened in the wrong working directory, for example if you use sbt then the workspace directory should contain build.sbt. [0m
Jan 19, 2022 6:54:56 PM org.eclipse.lsp4j.jsonrpc.RemoteEndpoint handleNotification
WARNING: Notification threw an exception: {
  "jsonrpc": "2.0",
  "method": "textDocument/didOpen",
  "params": {
    "textDocument": {
      "uri": "file:///home/runner/AOCDayTwenty/Main.scala",
      "languageId": "scala",
      "version": 2,
      "text": ""
    }
  }
}
java.lang.RuntimeException: java.lang.reflect.InvocationTargetException
	at org.eclipse.lsp4j.jsonrpc.services.GenericEndpoint.lambda$null$0(GenericEndpoint.java:67)
	at org.eclipse.lsp4j.jsonrpc.services.GenericEndpoint.notify(GenericEndpoint.java:152)
	at org.eclipse.lsp4j.jsonrpc.RemoteEndpoint.handleNotification(RemoteEndpoint.java:220)
	at org.eclipse.lsp4j.jsonrpc.RemoteEndpoint.consume(RemoteEndpoint.java:187)
	at org.eclipse.lsp4j.jsonrpc.json.StreamMessageProducer.handleMessage(StreamMessageProducer.java:194)
	at org.eclipse.lsp4j.jsonrpc.json.StreamMessageProducer.listen(StreamMessageProducer.java:94)
	at org.eclipse.lsp4j.jsonrpc.json.ConcurrentMessageProcessor.run(ConcurrentMessageProcessor.java:113)
	at java.base/java.util.concurrent.Executors$RunnableAdapter.call(Executors.java:515)
	at java.base/java.util.concurrent.FutureTask.run(FutureTask.java:264)
	at java.base/java.util.concurrent.ThreadPoolExecutor.runWorker(ThreadPoolExecutor.java:1130)
	at java.base/java.util.concurrent.ThreadPoolExecutor$Worker.run(ThreadPoolExecutor.java:630)
	at java.base/java.lang.Thread.run(Thread.java:831)
Caused by: java.lang.reflect.InvocationTargetException
	at java.base/jdk.internal.reflect.NativeMethodAccessorImpl.invoke0(Native Method)
	at java.base/jdk.internal.reflect.NativeMethodAccessorImpl.invoke(NativeMethodAccessorImpl.java:78)
	at java.base/jdk.internal.reflect.DelegatingMethodAccessorImpl.invoke(DelegatingMethodAccessorImpl.java:43)
	at java.base/java.lang.reflect.Method.invoke(Method.java:567)
	at org.eclipse.lsp4j.jsonrpc.services.GenericEndpoint.lambda$null$0(GenericEndpoint.java:65)
	... 11 more
Caused by: java.nio.file.NoSuchFileException: /home/runner/AOCDayTwenty/Main.scala
	at java.base/sun.nio.fs.UnixException.translateToIOException(UnixException.java:92)
	at java.base/sun.nio.fs.UnixException.rethrowAsIOException(UnixException.java:106)
	at java.base/sun.nio.fs.UnixException.rethrowAsIOException(UnixException.java:111)
	at java.base/sun.nio.fs.UnixFileSystemProvider.newByteChannel(UnixFileSystemProvider.java:219)
	at java.base/java.nio.file.Files.newByteChannel(Files.java:375)
	at java.base/java.nio.file.Files.newByteChannel(Files.java:426)
	at java.base/java.nio.file.Files.readAllBytes(Files.java:3272)
	at scala.meta.internal.io.PlatformFileIO$.slurp(PlatformFileIO.scala:45)
	at scala.meta.internal.io.FileIO$.slurp(FileIO.scala:24)
	at scala.meta.internal.metals.MetalsLanguageServer.didOpen(MetalsLanguageServer.scala:956)
	... 16 more

Jan 19, 2022 6:54:56 PM org.eclipse.lsp4j.jsonrpc.RemoteEndpoint fallbackResponseError
SEVERE: Internal error: java.util.NoSuchElementException: BatchedFunction
java.util.concurrent.CompletionException: java.util.NoSuchElementException: BatchedFunction
	at java.base/java.util.concurrent.CompletableFuture.encodeThrowable(CompletableFuture.java:331)
	at java.base/java.util.concurrent.CompletableFuture.uniAcceptNow(CompletableFuture.java:743)
	at java.base/java.util.concurrent.CompletableFuture.uniAcceptStage(CompletableFuture.java:731)
	at java.base/java.util.concurrent.CompletableFuture.thenAccept(CompletableFuture.java:2178)
	at org.eclipse.lsp4j.jsonrpc.RemoteEndpoint.handleRequest(RemoteEndpoint.java:279)
	at org.eclipse.lsp4j.jsonrpc.RemoteEndpoint.consume(RemoteEndpoint.java:190)
	at org.eclipse.lsp4j.jsonrpc.json.StreamMessageProducer.handleMessage(StreamMessageProducer.java:194)
	at org.eclipse.lsp4j.jsonrpc.json.StreamMessageProducer.listen(StreamMessageProducer.java:94)
	at org.eclipse.lsp4j.jsonrpc.json.ConcurrentMessageProcessor.run(ConcurrentMessageProcessor.java:113)
	at java.base/java.util.concurrent.Executors$RunnableAdapter.call(Executors.java:515)
	at java.base/java.util.concurrent.FutureTask.run(FutureTask.java:264)
	at java.base/java.util.concurrent.ThreadPoolExecutor.runWorker(ThreadPoolExecutor.java:1130)
	at java.base/java.util.concurrent.ThreadPoolExecutor$Worker.run(ThreadPoolExecutor.java:630)
	at java.base/java.lang.Thread.run(Thread.java:831)
Caused by: java.util.NoSuchElementException: BatchedFunction
	at scala.meta.internal.metals.BatchedFunction.<init>(BatchedFunction.scala:59)
	at scala.meta.internal.metals.MetalsLanguageServer.<init>(MetalsLanguageServer.scala:188)
	at scala.meta.metals.Main$.main(Main.scala:51)
	at scala.meta.metals.Main.main(Main.scala)

[0m2022.01.19 18:55:01 WARN  Build server is not auto-connectable.[0m
[0m2022.01.19 18:55:01 WARN  no build tool detected in workspace '/home/runner/AOCDayTwenty'. The most common cause for this problem is that the editor was opened in the wrong working directory, for example if you use sbt then the workspace directory should contain build.sbt. [0m
[0m2022.01.19 18:55:37 WARN  no build target for: /home/runner/AOCDayTwenty/main.scala[0m
[0m2022.01.19 18:56:05 INFO  no build target: using presentation compiler with only scala-library: 2.12.14[0m
Jan 19, 2022 6:56:48 PM org.eclipse.lsp4j.jsonrpc.RemoteEndpoint handleCancellation
WARNING: Unmatched cancel notification for request id 9
[0m2022.01.19 18:56:49 WARN  no build target for: /home/runner/AOCDayTwenty/main.scala[0m
[0m2022.01.19 18:57:00 WARN  no build target for: /home/runner/AOCDayTwenty/main.scala[0m
[0m2022.01.19 18:57:03 WARN  no build target for: /home/runner/AOCDayTwenty/main.scala[0m
Jan 19, 2022 6:57:04 PM org.eclipse.lsp4j.jsonrpc.RemoteEndpoint handleCancellation
WARNING: Unmatched cancel notification for request id 29
Jan 19, 2022 6:57:04 PM org.eclipse.lsp4j.jsonrpc.RemoteEndpoint handleCancellation
WARNING: Unmatched cancel notification for request id 30
[0m2022.01.19 18:57:06 WARN  no build target for: /home/runner/AOCDayTwenty/main.scala[0m
[0m2022.01.19 18:57:49 WARN  no build target for: /home/runner/AOCDayTwenty/main.scala[0m
[0m2022.01.19 18:57:51 WARN  no build target for: /home/runner/AOCDayTwenty/main.scala[0m
Jan 19, 2022 6:57:51 PM scala.meta.internal.pc.CompilerAccess handleError
SEVERE: file%3A%2F%2F%2Fhome%2Frunner%2FAOCDayTwenty%2Fmain.scala:11: error: = expected but } found
  }
  ^
file%3A%2F%2F%2Fhome%2Frunner%2FAOCDayTwenty%2Fmain.scala:11: error: = expected but } found
  }
  ^
	at scala.meta.internal.parsers.Reporter.syntaxError(Reporter.scala:16)
	at scala.meta.internal.parsers.Reporter.syntaxError$(Reporter.scala:16)
	at scala.meta.internal.parsers.Reporter$$anon$1.syntaxError(Reporter.scala:22)
	at scala.meta.internal.parsers.Reporter.syntaxError(Reporter.scala:17)
	at scala.meta.internal.parsers.Reporter.syntaxError$(Reporter.scala:17)
	at scala.meta.internal.parsers.Reporter$$anon$1.syntaxError(Reporter.scala:22)
	at scala.meta.internal.parsers.ScalametaParser.syntaxErrorExpected(ScalametaParser.scala:906)
	at scala.meta.internal.parsers.ScalametaParser.accept(ScalametaParser.scala:912)
	at scala.meta.internal.parsers.ScalametaParser.$anonfun$patDefOrDcl$1(ScalametaParser.scala:4180)
	at scala.meta.internal.parsers.ScalametaParser.atPos(ScalametaParser.scala:853)
	at scala.meta.internal.parsers.ScalametaParser.patDefOrDcl(ScalametaParser.scala:4167)
	at scala.meta.internal.parsers.ScalametaParser.defOrDclOrSecondaryCtor(ScalametaParser.scala:4133)
	at scala.meta.internal.parsers.ScalametaParser.localDef(ScalametaParser.scala:5115)
	at scala.meta.internal.parsers.ScalametaParser.blockStatSeq(ScalametaParser.scala:5142)
	at scala.meta.internal.parsers.ScalametaParser.blockWithStats$1(ScalametaParser.scala:3167)
	at scala.meta.internal.parsers.ScalametaParser.$anonfun$block$2(ScalametaParser.scala:3169)
	at scala.meta.internal.parsers.ScalametaParser.inBraces(ScalametaParser.scala:765)
	at scala.meta.internal.parsers.ScalametaParser.$anonfun$block$1(ScalametaParser.scala:3169)
	at scala.meta.internal.parsers.ScalametaParser.atPos(ScalametaParser.scala:853)
	at scala.meta.internal.parsers.ScalametaParser.autoPos(ScalametaParser.scala:887)
	at scala.meta.internal.parsers.ScalametaParser.block(ScalametaParser.scala:3166)
	at scala.meta.internal.parsers.ScalametaParser.$anonfun$blockExpr$1(ScalametaParser.scala:3163)
	at scala.meta.internal.parsers.ScalametaParser.atPos(ScalametaParser.scala:853)
	at scala.meta.internal.parsers.ScalametaParser.autoPos(ScalametaParser.scala:887)
	at scala.meta.internal.parsers.ScalametaParser.blockExpr(ScalametaParser.scala:3158)
	at scala.meta.internal.parsers.ScalametaParser.$anonfun$simpleExpr0$1(ScalametaParser.scala:2974)
	at scala.meta.internal.parsers.ScalametaParser.atPosTry(ScalametaParser.scala:880)
	at scala.meta.internal.parsers.ScalametaParser.autoPosTry(ScalametaParser.scala:890)
	at scala.meta.internal.parsers.ScalametaParser.simpleExpr0(ScalametaParser.scala:2944)
	at scala.meta.internal.parsers.ScalametaParser.simpleExpr(ScalametaParser.scala:2942)
	at scala.meta.internal.parsers.ScalametaParser.prefixExpr(ScalametaParser.scala:2926)
	at scala.meta.internal.parsers.ScalametaParser.postfixExpr(ScalametaParser.scala:2906)
	at scala.meta.internal.parsers.ScalametaParser.$anonfun$expr$12(ScalametaParser.scala:2473)
	at scala.meta.internal.parsers.ScalametaParser.atPos(ScalametaParser.scala:853)
	at scala.meta.internal.parsers.ScalametaParser.autoPos(ScalametaParser.scala:887)
	at scala.meta.internal.parsers.ScalametaParser.$anonfun$expr$2(ScalametaParser.scala:2473)
	at scala.meta.internal.parsers.ScalametaParser.atPos(ScalametaParser.scala:853)
	at scala.meta.internal.parsers.ScalametaParser.autoPos(ScalametaParser.scala:887)
	at scala.meta.internal.parsers.ScalametaParser.expr(ScalametaParser.scala:2356)
	at scala.meta.internal.parsers.ScalametaParser.expr(ScalametaParser.scala:2233)
	at scala.meta.internal.parsers.ScalametaParser.exprMaybeIndented(ScalametaParser.scala:2261)
	at scala.meta.internal.parsers.ScalametaParser.$anonfun$funDefRest$1(ScalametaParser.scala:4429)
	at scala.meta.internal.parsers.ScalametaParser.atPos(ScalametaParser.scala:853)
	at scala.meta.internal.parsers.ScalametaParser.funDefRest(ScalametaParser.scala:4366)
	at scala.meta.internal.parsers.ScalametaParser.funDefOrDclOrExtensionOrSecondaryCtor(ScalametaParser.scala:4300)
	at scala.meta.internal.parsers.ScalametaParser.defOrDclOrSecondaryCtor(ScalametaParser.scala:4137)
	at scala.meta.internal.parsers.ScalametaParser.nonLocalDefOrDcl(ScalametaParser.scala:4122)
	at scala.meta.internal.parsers.ScalametaParser$$anonfun$templateStat$1$1.applyOrElse(ScalametaParser.scala:5070)
	at scala.meta.internal.parsers.ScalametaParser$$anonfun$templateStat$1$1.applyOrElse(ScalametaParser.scala:5064)
	at scala.runtime.AbstractPartialFunction.apply(AbstractPartialFunction.scala:38)
	at scala.meta.internal.parsers.ScalametaParser.statSeq(ScalametaParser.scala:5007)
	at scala.meta.internal.parsers.ScalametaParser.templateStats(ScalametaParser.scala:5080)
	at scala.meta.internal.parsers.ScalametaParser.templateStatSeq(ScalametaParser.scala:5060)
	at scala.meta.internal.parsers.ScalametaParser.$anonfun$templateBody$1(ScalametaParser.scala:4895)
	at scala.meta.internal.parsers.ScalametaParser.inBraces(ScalametaParser.scala:765)
	at scala.meta.internal.parsers.ScalametaParser.templateBody(ScalametaParser.scala:4895)
	at scala.meta.internal.parsers.ScalametaParser.templateBodyOpt(ScalametaParser.scala:4903)
	at scala.meta.internal.parsers.ScalametaParser.$anonfun$templateOpt$1(ScalametaParser.scala:4888)
	at scala.meta.internal.parsers.ScalametaParser.atPos(ScalametaParser.scala:853)
	at scala.meta.internal.parsers.ScalametaParser.autoPos(ScalametaParser.scala:887)
	at scala.meta.internal.parsers.ScalametaParser.templateOpt(ScalametaParser.scala:4873)
	at scala.meta.internal.parsers.ScalametaParser.$anonfun$objectDef$1(ScalametaParser.scala:4632)
	at scala.meta.internal.parsers.ScalametaParser.atPos(ScalametaParser.scala:853)
	at scala.meta.internal.parsers.ScalametaParser.objectDef(ScalametaParser.scala:4624)
	at scala.meta.internal.parsers.ScalametaParser.tmplDef(ScalametaParser.scala:4508)
	at scala.meta.internal.parsers.ScalametaParser.topLevelTmplDef(ScalametaParser.scala:4490)
	at scala.meta.internal.parsers.ScalametaParser$$anonfun$topStat$1.applyOrElse(ScalametaParser.scala:5029)
	at scala.meta.internal.parsers.ScalametaParser$$anonfun$topStat$1.applyOrElse(ScalametaParser.scala:5017)
	at scala.runtime.AbstractPartialFunction.apply(AbstractPartialFunction.scala:38)
	at scala.meta.internal.parsers.ScalametaParser.statSeq(ScalametaParser.scala:5007)
	at scala.meta.internal.parsers.ScalametaParser.topStatSeq(ScalametaParser.scala:5016)
	at scala.meta.internal.parsers.ScalametaParser.$anonfun$batchSource$1(ScalametaParser.scala:5247)
	at scala.meta.internal.parsers.ScalametaParser.atPos(ScalametaParser.scala:853)
	at scala.meta.internal.parsers.ScalametaParser.autoPos(ScalametaParser.scala:887)
	at scala.meta.internal.parsers.ScalametaParser.batchSource(ScalametaParser.scala:5206)
	at scala.meta.internal.parsers.ScalametaParser.$anonfun$source$1(ScalametaParser.scala:5189)
	at scala.meta.internal.parsers.ScalametaParser.atPos(ScalametaParser.scala:853)
	at scala.meta.internal.parsers.ScalametaParser.autoPos(ScalametaParser.scala:887)
	at scala.meta.internal.parsers.ScalametaParser.source(ScalametaParser.scala:5188)
	at scala.meta.internal.parsers.ScalametaParser.entrypointSource(ScalametaParser.scala:5194)
	at scala.meta.internal.parsers.ScalametaParser.$anonfun$parseSource$2(ScalametaParser.scala:143)
	at scala.meta.internal.parsers.ScalametaParser.parseRule(ScalametaParser.scala:53)
	at scala.meta.internal.parsers.ScalametaParser.parseSource(ScalametaParser.scala:143)
	at scala.meta.parsers.Parse$.$anonfun$parseSource$1(Parse.scala:29)
	at scala.meta.internal.parsers.ScalametaParser$$anon$263.apply(ScalametaParser.scala:5258)
	at scala.meta.parsers.Api$XtensionParseDialectInput.parse(Api.scala:25)
	at scala.meta.internal.semanticdb.scalac.ParseOps$XtensionCompilationUnitSource.toSource(ParseOps.scala:17)
	at scala.meta.internal.semanticdb.scalac.TextDocumentOps$XtensionCompilationUnitDocument.toTextDocument(TextDocumentOps.scala:201)
	at scala.meta.internal.pc.SemanticdbTextDocumentProvider.textDocument(SemanticdbTextDocumentProvider.scala:51)

Jan 19, 2022 6:57:58 PM org.eclipse.lsp4j.jsonrpc.RemoteEndpoint handleCancellation
WARNING: Unmatched cancel notification for request id 56
Jan 19, 2022 6:57:58 PM org.eclipse.lsp4j.jsonrpc.RemoteEndpoint handleCancellation
WARNING: Unmatched cancel notification for request id 54
Jan 19, 2022 6:57:58 PM org.eclipse.lsp4j.jsonrpc.RemoteEndpoint handleCancellation
WARNING: Unmatched cancel notification for request id 57
Jan 19, 2022 6:57:58 PM org.eclipse.lsp4j.jsonrpc.RemoteEndpoint handleCancellation
WARNING: Unmatched cancel notification for request id 59
[0m2022.01.19 18:58:00 WARN  no build target for: /home/runner/AOCDayTwenty/main.scala[0m
Jan 19, 2022 6:58:00 PM scala.meta.internal.pc.CompilerAccess handleError
SEVERE: file%3A%2F%2F%2Fhome%2Frunner%2FAOCDayTwenty%2Fmain.scala:9: error: = expected but \n\n found

^
file%3A%2F%2F%2Fhome%2Frunner%2FAOCDayTwenty%2Fmain.scala:9: error: = expected but \n\n found

^
	at scala.meta.internal.parsers.Reporter.syntaxError(Reporter.scala:16)
	at scala.meta.internal.parsers.Reporter.syntaxError$(Reporter.scala:16)
	at scala.meta.internal.parsers.Reporter$$anon$1.syntaxError(Reporter.scala:22)
	at scala.meta.internal.parsers.Reporter.syntaxError(Reporter.scala:17)
	at scala.meta.internal.parsers.Reporter.syntaxError$(Reporter.scala:17)
	at scala.meta.internal.parsers.Reporter$$anon$1.syntaxError(Reporter.scala:22)
	at scala.meta.internal.parsers.ScalametaParser.syntaxErrorExpected(ScalametaParser.scala:906)
	at scala.meta.internal.parsers.ScalametaParser.accept(ScalametaParser.scala:912)
	at scala.meta.internal.parsers.ScalametaParser.$anonfun$patDefOrDcl$1(ScalametaParser.scala:4180)
	at scala.meta.internal.parsers.ScalametaParser.atPos(ScalametaParser.scala:853)
	at scala.meta.internal.parsers.ScalametaParser.patDefOrDcl(ScalametaParser.scala:4167)
	at scala.meta.internal.parsers.ScalametaParser.defOrDclOrSecondaryCtor(ScalametaParser.scala:4133)
	at scala.meta.internal.parsers.ScalametaParser.localDef(ScalametaParser.scala:5115)
	at scala.meta.internal.parsers.ScalametaParser.blockStatSeq(ScalametaParser.scala:5142)
	at scala.meta.internal.parsers.ScalametaParser.blockWithStats$1(ScalametaParser.scala:3167)
	at scala.meta.internal.parsers.ScalametaParser.$anonfun$block$2(ScalametaParser.scala:3169)
	at scala.meta.internal.parsers.ScalametaParser.inBraces(ScalametaParser.scala:765)
	at scala.meta.internal.parsers.ScalametaParser.$anonfun$block$1(ScalametaParser.scala:3169)
	at scala.meta.internal.parsers.ScalametaParser.atPos(ScalametaParser.scala:853)
	at scala.meta.internal.parsers.ScalametaParser.autoPos(ScalametaParser.scala:887)
	at scala.meta.internal.parsers.ScalametaParser.block(ScalametaParser.scala:3166)
	at scala.meta.internal.parsers.ScalametaParser.$anonfun$blockExpr$1(ScalametaParser.scala:3163)
	at scala.meta.internal.parsers.ScalametaParser.atPos(ScalametaParser.scala:853)
	at scala.meta.internal.parsers.ScalametaParser.autoPos(ScalametaParser.scala:887)
	at scala.meta.internal.parsers.ScalametaParser.blockExpr(ScalametaParser.scala:3158)
	at scala.meta.internal.parsers.ScalametaParser.$anonfun$simpleExpr0$1(ScalametaParser.scala:2974)
	at scala.meta.internal.parsers.ScalametaParser.atPosTry(ScalametaParser.scala:880)
	at scala.meta.internal.parsers.ScalametaParser.autoPosTry(ScalametaParser.scala:890)
	at scala.meta.internal.parsers.ScalametaParser.simpleExpr0(ScalametaParser.scala:2944)
	at scala.meta.internal.parsers.ScalametaParser.simpleExpr(ScalametaParser.scala:2942)
	at scala.meta.internal.parsers.ScalametaParser.prefixExpr(ScalametaParser.scala:2926)
	at scala.meta.internal.parsers.ScalametaParser.postfixExpr(ScalametaParser.scala:2906)
	at scala.meta.internal.parsers.ScalametaParser.$anonfun$expr$12(ScalametaParser.scala:2473)
	at scala.meta.internal.parsers.ScalametaParser.atPos(ScalametaParser.scala:853)
	at scala.meta.internal.parsers.ScalametaParser.autoPos(ScalametaParser.scala:887)
	at scala.meta.internal.parsers.ScalametaParser.$anonfun$expr$2(ScalametaParser.scala:2473)
	at scala.meta.internal.parsers.ScalametaParser.atPos(ScalametaParser.scala:853)
	at scala.meta.internal.parsers.ScalametaParser.autoPos(ScalametaParser.scala:887)
	at scala.meta.internal.parsers.ScalametaParser.expr(ScalametaParser.scala:2356)
	at scala.meta.internal.parsers.ScalametaParser.expr(ScalametaParser.scala:2233)
	at scala.meta.internal.parsers.ScalametaParser.exprMaybeIndented(ScalametaParser.scala:2261)
	at scala.meta.internal.parsers.ScalametaParser.$anonfun$funDefRest$1(ScalametaParser.scala:4429)
	at scala.meta.internal.parsers.ScalametaParser.atPos(ScalametaParser.scala:853)
	at scala.meta.internal.parsers.ScalametaParser.funDefRest(ScalametaParser.scala:4366)
	at scala.meta.internal.parsers.ScalametaParser.funDefOrDclOrExtensionOrSecondaryCtor(ScalametaParser.scala:4300)
	at scala.meta.internal.parsers.ScalametaParser.defOrDclOrSecondaryCtor(ScalametaParser.scala:4137)
	at scala.meta.internal.parsers.ScalametaParser.nonLocalDefOrDcl(ScalametaParser.scala:4122)
	at scala.meta.internal.parsers.ScalametaParser$$anonfun$templateStat$1$1.applyOrElse(ScalametaParser.scala:5070)
	at scala.meta.internal.parsers.ScalametaParser$$anonfun$templateStat$1$1.applyOrElse(ScalametaParser.scala:5064)
	at scala.runtime.AbstractPartialFunction.apply(AbstractPartialFunction.scala:38)
	at scala.meta.internal.parsers.ScalametaParser.statSeq(ScalametaParser.scala:5007)
	at scala.meta.internal.parsers.ScalametaParser.templateStats(ScalametaParser.scala:5080)
	at scala.meta.internal.parsers.ScalametaParser.templateStatSeq(ScalametaParser.scala:5060)
	at scala.meta.internal.parsers.ScalametaParser.$anonfun$templateBody$1(ScalametaParser.scala:4895)
	at scala.meta.internal.parsers.ScalametaParser.inBraces(ScalametaParser.scala:765)
	at scala.meta.internal.parsers.ScalametaParser.templateBody(ScalametaParser.scala:4895)
	at scala.meta.internal.parsers.ScalametaParser.templateBodyOpt(ScalametaParser.scala:4903)
	at scala.meta.internal.parsers.ScalametaParser.$anonfun$templateOpt$1(ScalametaParser.scala:4888)
	at scala.meta.internal.parsers.ScalametaParser.atPos(ScalametaParser.scala:853)
	at scala.meta.internal.parsers.ScalametaParser.autoPos(ScalametaParser.scala:887)
	at scala.meta.internal.parsers.ScalametaParser.templateOpt(ScalametaParser.scala:4873)
	at scala.meta.internal.parsers.ScalametaParser.$anonfun$objectDef$1(ScalametaParser.scala:4632)
	at scala.meta.internal.parsers.ScalametaParser.atPos(ScalametaParser.scala:853)
	at scala.meta.internal.parsers.ScalametaParser.objectDef(ScalametaParser.scala:4624)
	at scala.meta.internal.parsers.ScalametaParser.tmplDef(ScalametaParser.scala:4508)
	at scala.meta.internal.parsers.ScalametaParser.topLevelTmplDef(ScalametaParser.scala:4490)
	at scala.meta.internal.parsers.ScalametaParser$$anonfun$topStat$1.applyOrElse(ScalametaParser.scala:5029)
	at scala.meta.internal.parsers.ScalametaParser$$anonfun$topStat$1.applyOrElse(ScalametaParser.scala:5017)
	at scala.runtime.AbstractPartialFunction.apply(AbstractPartialFunction.scala:38)
	at scala.meta.internal.parsers.ScalametaParser.statSeq(ScalametaParser.scala:5007)
	at scala.meta.internal.parsers.ScalametaParser.topStatSeq(ScalametaParser.scala:5016)
	at scala.meta.internal.parsers.ScalametaParser.$anonfun$batchSource$1(ScalametaParser.scala:5247)
	at scala.meta.internal.parsers.ScalametaParser.atPos(ScalametaParser.scala:853)
	at scala.meta.internal.parsers.ScalametaParser.autoPos(ScalametaParser.scala:887)
	at scala.meta.internal.parsers.ScalametaParser.batchSource(ScalametaParser.scala:5206)
	at scala.meta.internal.parsers.ScalametaParser.$anonfun$source$1(ScalametaParser.scala:5189)
	at scala.meta.internal.parsers.ScalametaParser.atPos(ScalametaParser.scala:853)
	at scala.meta.internal.parsers.ScalametaParser.autoPos(ScalametaParser.scala:887)
	at scala.meta.internal.parsers.ScalametaParser.source(ScalametaParser.scala:5188)
	at scala.meta.internal.parsers.ScalametaParser.entrypointSource(ScalametaParser.scala:5194)
	at scala.meta.internal.parsers.ScalametaParser.$anonfun$parseSource$2(ScalametaParser.scala:143)
	at scala.meta.internal.parsers.ScalametaParser.parseRule(ScalametaParser.scala:53)
	at scala.meta.internal.parsers.ScalametaParser.parseSource(ScalametaParser.scala:143)
	at scala.meta.parsers.Parse$.$anonfun$parseSource$1(Parse.scala:29)
	at scala.meta.internal.parsers.ScalametaParser$$anon$263.apply(ScalametaParser.scala:5258)
	at scala.meta.parsers.Api$XtensionParseDialectInput.parse(Api.scala:25)
	at scala.meta.internal.semanticdb.scalac.ParseOps$XtensionCompilationUnitSource.toSource(ParseOps.scala:17)
	at scala.meta.internal.semanticdb.scalac.TextDocumentOps$XtensionCompilationUnitDocument.toTextDocument(TextDocumentOps.scala:201)
	at scala.meta.internal.pc.SemanticdbTextDocumentProvider.textDocument(SemanticdbTextDocumentProvider.scala:51)

Jan 19, 2022 6:58:01 PM org.eclipse.lsp4j.jsonrpc.RemoteEndpoint handleCancellation
WARNING: Unmatched cancel notification for request id 72
Jan 19, 2022 6:58:02 PM org.eclipse.lsp4j.jsonrpc.RemoteEndpoint handleCancellation
WARNING: Unmatched cancel notification for request id 80
Jan 19, 2022 6:58:02 PM org.eclipse.lsp4j.jsonrpc.RemoteEndpoint handleCancellation
WARNING: Unmatched cancel notification for request id 84
[0m2022.01.19 18:58:03 WARN  no build target for: /home/runner/AOCDayTwenty/main.scala[0m
Jan 19, 2022 6:58:03 PM scala.meta.internal.pc.CompilerAccess handleError
SEVERE: file%3A%2F%2F%2Fhome%2Frunner%2FAOCDayTwenty%2Fmain.scala:9: error: = expected but \n\n found

^
file%3A%2F%2F%2Fhome%2Frunner%2FAOCDayTwenty%2Fmain.scala:9: error: = expected but \n\n found

^
	at scala.meta.internal.parsers.Reporter.syntaxError(Reporter.scala:16)
	at scala.meta.internal.parsers.Reporter.syntaxError$(Reporter.scala:16)
	at scala.meta.internal.parsers.Reporter$$anon$1.syntaxError(Reporter.scala:22)
	at scala.meta.internal.parsers.Reporter.syntaxError(Reporter.scala:17)
	at scala.meta.internal.parsers.Reporter.syntaxError$(Reporter.scala:17)
	at scala.meta.internal.parsers.Reporter$$anon$1.syntaxError(Reporter.scala:22)
	at scala.meta.internal.parsers.ScalametaParser.syntaxErrorExpected(ScalametaParser.scala:906)
	at scala.meta.internal.parsers.ScalametaParser.accept(ScalametaParser.scala:912)
	at scala.meta.internal.parsers.ScalametaParser.$anonfun$patDefOrDcl$1(ScalametaParser.scala:4180)
	at scala.meta.internal.parsers.ScalametaParser.atPos(ScalametaParser.scala:853)
	at scala.meta.internal.parsers.ScalametaParser.patDefOrDcl(ScalametaParser.scala:4167)
	at scala.meta.internal.parsers.ScalametaParser.defOrDclOrSecondaryCtor(ScalametaParser.scala:4133)
	at scala.meta.internal.parsers.ScalametaParser.localDef(ScalametaParser.scala:5115)
	at scala.meta.internal.parsers.ScalametaParser.blockStatSeq(ScalametaParser.scala:5142)
	at scala.meta.internal.parsers.ScalametaParser.blockWithStats$1(ScalametaParser.scala:3167)
	at scala.meta.internal.parsers.ScalametaParser.$anonfun$block$2(ScalametaParser.scala:3169)
	at scala.meta.internal.parsers.ScalametaParser.inBraces(ScalametaParser.scala:765)
	at scala.meta.internal.parsers.ScalametaParser.$anonfun$block$1(ScalametaParser.scala:3169)
	at scala.meta.internal.parsers.ScalametaParser.atPos(ScalametaParser.scala:853)
	at scala.meta.internal.parsers.ScalametaParser.autoPos(ScalametaParser.scala:887)
	at scala.meta.internal.parsers.ScalametaParser.block(ScalametaParser.scala:3166)
	at scala.meta.internal.parsers.ScalametaParser.$anonfun$blockExpr$1(ScalametaParser.scala:3163)
	at scala.meta.internal.parsers.ScalametaParser.atPos(ScalametaParser.scala:853)
	at scala.meta.internal.parsers.ScalametaParser.autoPos(ScalametaParser.scala:887)
	at scala.meta.internal.parsers.ScalametaParser.blockExpr(ScalametaParser.scala:3158)
	at scala.meta.internal.parsers.ScalametaParser.$anonfun$simpleExpr0$1(ScalametaParser.scala:2974)
	at scala.meta.internal.parsers.ScalametaParser.atPosTry(ScalametaParser.scala:880)
	at scala.meta.internal.parsers.ScalametaParser.autoPosTry(ScalametaParser.scala:890)
	at scala.meta.internal.parsers.ScalametaParser.simpleExpr0(ScalametaParser.scala:2944)
	at scala.meta.internal.parsers.ScalametaParser.simpleExpr(ScalametaParser.scala:2942)
	at scala.meta.internal.parsers.ScalametaParser.prefixExpr(ScalametaParser.scala:2926)
	at scala.meta.internal.parsers.ScalametaParser.postfixExpr(ScalametaParser.scala:2906)
	at scala.meta.internal.parsers.ScalametaParser.$anonfun$expr$12(ScalametaParser.scala:2473)
	at scala.meta.internal.parsers.ScalametaParser.atPos(ScalametaParser.scala:853)
	at scala.meta.internal.parsers.ScalametaParser.autoPos(ScalametaParser.scala:887)
	at scala.meta.internal.parsers.ScalametaParser.$anonfun$expr$2(ScalametaParser.scala:2473)
	at scala.meta.internal.parsers.ScalametaParser.atPos(ScalametaParser.scala:853)
	at scala.meta.internal.parsers.ScalametaParser.autoPos(ScalametaParser.scala:887)
	at scala.meta.internal.parsers.ScalametaParser.expr(ScalametaParser.scala:2356)
	at scala.meta.internal.parsers.ScalametaParser.expr(ScalametaParser.scala:2233)
	at scala.meta.internal.parsers.ScalametaParser.exprMaybeIndented(ScalametaParser.scala:2261)
	at scala.meta.internal.parsers.ScalametaParser.$anonfun$funDefRest$1(ScalametaParser.scala:4429)
	at scala.meta.internal.parsers.ScalametaParser.atPos(ScalametaParser.scala:853)
	at scala.meta.internal.parsers.ScalametaParser.funDefRest(ScalametaParser.scala:4366)
	at scala.meta.internal.parsers.ScalametaParser.funDefOrDclOrExtensionOrSecondaryCtor(ScalametaParser.scala:4300)
	at scala.meta.internal.parsers.ScalametaParser.defOrDclOrSecondaryCtor(ScalametaParser.scala:4137)
	at scala.meta.internal.parsers.ScalametaParser.nonLocalDefOrDcl(ScalametaParser.scala:4122)
	at scala.meta.internal.parsers.ScalametaParser$$anonfun$templateStat$1$1.applyOrElse(ScalametaParser.scala:5070)
	at scala.meta.internal.parsers.ScalametaParser$$anonfun$templateStat$1$1.applyOrElse(ScalametaParser.scala:5064)
	at scala.runtime.AbstractPartialFunction.apply(AbstractPartialFunction.scala:38)
	at scala.meta.internal.parsers.ScalametaParser.statSeq(ScalametaParser.scala:5007)
	at scala.meta.internal.parsers.ScalametaParser.templateStats(ScalametaParser.scala:5080)
	at scala.meta.internal.parsers.ScalametaParser.templateStatSeq(ScalametaParser.scala:5060)
	at scala.meta.internal.parsers.ScalametaParser.$anonfun$templateBody$1(ScalametaParser.scala:4895)
	at scala.meta.internal.parsers.ScalametaParser.inBraces(ScalametaParser.scala:765)
	at scala.meta.internal.parsers.ScalametaParser.templateBody(ScalametaParser.scala:4895)
	at scala.meta.internal.parsers.ScalametaParser.templateBodyOpt(ScalametaParser.scala:4903)
	at scala.meta.internal.parsers.ScalametaParser.$anonfun$templateOpt$1(ScalametaParser.scala:4888)
	at scala.meta.internal.parsers.ScalametaParser.atPos(ScalametaParser.scala:853)
	at scala.meta.internal.parsers.ScalametaParser.autoPos(ScalametaParser.scala:887)
	at scala.meta.internal.parsers.ScalametaParser.templateOpt(ScalametaParser.scala:4873)
	at scala.meta.internal.parsers.ScalametaParser.$anonfun$objectDef$1(ScalametaParser.scala:4632)
	at scala.meta.internal.parsers.ScalametaParser.atPos(ScalametaParser.scala:853)
	at scala.meta.internal.parsers.ScalametaParser.objectDef(ScalametaParser.scala:4624)
	at scala.meta.internal.parsers.ScalametaParser.tmplDef(ScalametaParser.scala:4508)
	at scala.meta.internal.parsers.ScalametaParser.topLevelTmplDef(ScalametaParser.scala:4490)
	at scala.meta.internal.parsers.ScalametaParser$$anonfun$topStat$1.applyOrElse(ScalametaParser.scala:5029)
	at scala.meta.internal.parsers.ScalametaParser$$anonfun$topStat$1.applyOrElse(ScalametaParser.scala:5017)
	at scala.runtime.AbstractPartialFunction.apply(AbstractPartialFunction.scala:38)
	at scala.meta.internal.parsers.ScalametaParser.statSeq(ScalametaParser.scala:5007)
	at scala.meta.internal.parsers.ScalametaParser.topStatSeq(ScalametaParser.scala:5016)
	at scala.meta.internal.parsers.ScalametaParser.$anonfun$batchSource$1(ScalametaParser.scala:5247)
	at scala.meta.internal.parsers.ScalametaParser.atPos(ScalametaParser.scala:853)
	at scala.meta.internal.parsers.ScalametaParser.autoPos(ScalametaParser.scala:887)
	at scala.meta.internal.parsers.ScalametaParser.batchSource(ScalametaParser.scala:5206)
	at scala.meta.internal.parsers.ScalametaParser.$anonfun$source$1(ScalametaParser.scala:5189)
	at scala.meta.internal.parsers.ScalametaParser.atPos(ScalametaParser.scala:853)
	at scala.meta.internal.parsers.ScalametaParser.autoPos(ScalametaParser.scala:887)
	at scala.meta.internal.parsers.ScalametaParser.source(ScalametaParser.scala:5188)
	at scala.meta.internal.parsers.ScalametaParser.entrypointSource(ScalametaParser.scala:5194)
	at scala.meta.internal.parsers.ScalametaParser.$anonfun$parseSource$2(ScalametaParser.scala:143)
	at scala.meta.internal.parsers.ScalametaParser.parseRule(ScalametaParser.scala:53)
	at scala.meta.internal.parsers.ScalametaParser.parseSource(ScalametaParser.scala:143)
	at scala.meta.parsers.Parse$.$anonfun$parseSource$1(Parse.scala:29)
	at scala.meta.internal.parsers.ScalametaParser$$anon$263.apply(ScalametaParser.scala:5258)
	at scala.meta.parsers.Api$XtensionParseDialectInput.parse(Api.scala:25)
	at scala.meta.internal.semanticdb.scalac.ParseOps$XtensionCompilationUnitSource.toSource(ParseOps.scala:17)
	at scala.meta.internal.semanticdb.scalac.TextDocumentOps$XtensionCompilationUnitDocument.toTextDocument(TextDocumentOps.scala:201)
	at scala.meta.internal.pc.SemanticdbTextDocumentProvider.textDocument(SemanticdbTextDocumentProvider.scala:51)

Jan 19, 2022 6:58:04 PM org.eclipse.lsp4j.jsonrpc.RemoteEndpoint handleCancellation
WARNING: Unmatched cancel notification for request id 93
[0m2022.01.19 18:58:06 WARN  no build target for: /home/runner/AOCDayTwenty/main.scala[0m
[0m2022.01.19 18:58:09 WARN  no build target for: /home/runner/AOCDayTwenty/main.scala[0m
[0m2022.01.19 18:58:11 WARN  no build target for: /home/runner/AOCDayTwenty/main.scala[0m
Jan 19, 2022 6:58:11 PM org.eclipse.lsp4j.jsonrpc.RemoteEndpoint handleCancellation
WARNING: Unmatched cancel notification for request id 112
[0m2022.01.19 18:58:14 WARN  no build target for: /home/runner/AOCDayTwenty/main.scala[0m
Jan 19, 2022 6:58:24 PM org.eclipse.lsp4j.jsonrpc.RemoteEndpoint handleCancellation
WARNING: Unmatched cancel notification for request id 121
[0m2022.01.19 18:58:26 WARN  no build target for: /home/runner/AOCDayTwenty/main.scala[0m
Jan 19, 2022 6:58:30 PM org.eclipse.lsp4j.jsonrpc.RemoteEndpoint handleCancellation
WARNING: Unmatched cancel notification for request id 132
Jan 19, 2022 6:58:30 PM org.eclipse.lsp4j.jsonrpc.RemoteEndpoint handleCancellation
WARNING: Unmatched cancel notification for request id 133
[0m2022.01.19 18:58:32 WARN  no build target for: /home/runner/AOCDayTwenty/main.scala[0m
Jan 19, 2022 6:58:32 PM org.eclipse.lsp4j.jsonrpc.RemoteEndpoint handleCancellation
WARNING: Unmatched cancel notification for request id 137
Jan 19, 2022 6:58:33 PM org.eclipse.lsp4j.jsonrpc.RemoteEndpoint handleCancellation
WARNING: Unmatched cancel notification for request id 139
Jan 19, 2022 6:58:34 PM org.eclipse.lsp4j.jsonrpc.RemoteEndpoint handleCancellation
WARNING: Unmatched cancel notification for request id 142
Jan 19, 2022 6:58:34 PM org.eclipse.lsp4j.jsonrpc.RemoteEndpoint handleCancellation
WARNING: Unmatched cancel notification for request id 144
Jan 19, 2022 6:58:35 PM org.eclipse.lsp4j.jsonrpc.RemoteEndpoint handleCancellation
WARNING: Unmatched cancel notification for request id 146
[0m2022.01.19 18:58:36 WARN  no build target for: /home/runner/AOCDayTwenty/main.scala[0m
Jan 19, 2022 6:58:37 PM org.eclipse.lsp4j.jsonrpc.RemoteEndpoint handleCancellation
WARNING: Unmatched cancel notification for request id 154
Jan 19, 2022 6:58:38 PM org.eclipse.lsp4j.jsonrpc.RemoteEndpoint handleCancellation
WARNING: Unmatched cancel notification for request id 155
[0m2022.01.19 18:58:38 WARN  no build target for: /home/runner/AOCDayTwenty/main.scala[0m
Jan 19, 2022 6:58:39 PM org.eclipse.lsp4j.jsonrpc.RemoteEndpoint handleCancellation
WARNING: Unmatched cancel notification for request id 158
Jan 19, 2022 6:58:39 PM org.eclipse.lsp4j.jsonrpc.RemoteEndpoint handleCancellation
WARNING: Unmatched cancel notification for request id 159
Jan 19, 2022 6:58:40 PM org.eclipse.lsp4j.jsonrpc.RemoteEndpoint handleCancellation
WARNING: Unmatched cancel notification for request id 161
Jan 19, 2022 6:58:40 PM org.eclipse.lsp4j.jsonrpc.RemoteEndpoint handleCancellation
WARNING: Unmatched cancel notification for request id 162
[0m2022.01.19 18:58:44 WARN  no build target for: /home/runner/AOCDayTwenty/main.scala[0m
Jan 19, 2022 6:59:05 PM org.eclipse.lsp4j.jsonrpc.RemoteEndpoint handleCancellation
WARNING: Unmatched cancel notification for request id 171
Jan 19, 2022 6:59:05 PM org.eclipse.lsp4j.jsonrpc.RemoteEndpoint handleCancellation
WARNING: Unmatched cancel notification for request id 173
Jan 19, 2022 6:59:09 PM org.eclipse.lsp4j.jsonrpc.RemoteEndpoint fallbackResponseError
SEVERE: Internal error: java.lang.InterruptedException
java.util.concurrent.CompletionException: java.lang.InterruptedException
	at java.base/java.util.concurrent.CompletableFuture.encodeThrowable(CompletableFuture.java:314)
	at java.base/java.util.concurrent.CompletableFuture.completeThrowable(CompletableFuture.java:319)
	at java.base/java.util.concurrent.CompletableFuture$UniAccept.tryFire(CompletableFuture.java:718)
	at java.base/java.util.concurrent.CompletableFuture.postComplete(CompletableFuture.java:506)
	at java.base/java.util.concurrent.CompletableFuture.complete(CompletableFuture.java:2143)
	at scala.meta.internal.metals.CancelTokens$.$anonfun$future$1(CancelTokens.scala:42)
	at scala.meta.internal.metals.CancelTokens$.$anonfun$future$1$adapted(CancelTokens.scala:38)
	at scala.concurrent.impl.CallbackRunnable.run(Promise.scala:64)
	at java.base/java.util.concurrent.ThreadPoolExecutor.runWorker(ThreadPoolExecutor.java:1130)
	at java.base/java.util.concurrent.ThreadPoolExecutor$Worker.run(ThreadPoolExecutor.java:630)
	at java.base/java.lang.Thread.run(Thread.java:831)
Caused by: java.lang.InterruptedException
	at scala.meta.internal.metals.FutureCancelToken.checkCanceled(FutureCancelToken.scala:29)
	at scala.meta.pc.VirtualFileParams.checkCanceled(VirtualFileParams.java:25)
	at scala.meta.internal.pc.CompletionProvider.$anonfun$completions$1(CompletionProvider.scala:77)
	at scala.collection.Iterator$$anon$10.next(Iterator.scala:461)
	at scala.collection.Iterator.toStream(Iterator.scala:1417)
	at scala.collection.Iterator.toStream$(Iterator.scala:1416)
	at scala.collection.AbstractIterator.toStream(Iterator.scala:1431)
	at scala.collection.Iterator.$anonfun$toStream$1(Iterator.scala:1417)
	at scala.collection.immutable.Stream$Cons.tail(Stream.scala:1173)
	at scala.collection.immutable.Stream$Cons.tail(Stream.scala:1163)
	at scala.collection.immutable.StreamIterator.$anonfun$next$1(Stream.scala:1061)
	at scala.collection.immutable.StreamIterator$LazyCell.v$lzycompute(Stream.scala:1050)
	at scala.collection.immutable.StreamIterator$LazyCell.v(Stream.scala:1050)
	at scala.collection.immutable.StreamIterator.hasNext(Stream.scala:1055)
	at scala.collection.convert.Wrappers$IteratorWrapper.hasNext(Wrappers.scala:32)
	at org.eclipse.lsp4j.jsonrpc.json.adapters.CollectionTypeAdapter.write(CollectionTypeAdapter.java:134)
	at org.eclipse.lsp4j.jsonrpc.json.adapters.CollectionTypeAdapter.write(CollectionTypeAdapter.java:40)
	at com.google.gson.internal.bind.TypeAdapterRuntimeTypeWrapper.write(TypeAdapterRuntimeTypeWrapper.java:69)
	at com.google.gson.internal.bind.ReflectiveTypeAdapterFactory$1.write(ReflectiveTypeAdapterFactory.java:127)
	at com.google.gson.internal.bind.ReflectiveTypeAdapterFactory$Adapter.write(ReflectiveTypeAdapterFactory.java:245)
	at com.google.gson.Gson.toJson(Gson.java:704)
	at org.eclipse.lsp4j.jsonrpc.json.adapters.MessageTypeAdapter.write(MessageTypeAdapter.java:423)
	at org.eclipse.lsp4j.jsonrpc.json.adapters.MessageTypeAdapter.write(MessageTypeAdapter.java:55)
	at com.google.gson.Gson.toJson(Gson.java:704)
	at com.google.gson.Gson.toJson(Gson.java:683)
	at org.eclipse.lsp4j.jsonrpc.json.MessageJsonHandler.serialize(MessageJsonHandler.java:145)
	at org.eclipse.lsp4j.jsonrpc.json.MessageJsonHandler.serialize(MessageJsonHandler.java:140)
	at org.eclipse.lsp4j.jsonrpc.json.StreamMessageConsumer.consume(StreamMessageConsumer.java:59)
	at org.eclipse.lsp4j.jsonrpc.RemoteEndpoint.lambda$handleRequest$1(RemoteEndpoint.java:281)
	at java.base/java.util.concurrent.CompletableFuture$UniAccept.tryFire(CompletableFuture.java:714)
	... 8 more

[0m2022.01.19 18:59:10 WARN  no build target for: /home/runner/AOCDayTwenty/main.scala[0m
Jan 19, 2022 6:59:10 PM scala.meta.internal.pc.CompilerAccess handleError
SEVERE: file%3A%2F%2F%2Fhome%2Frunner%2FAOCDayTwenty%2Fmain.scala:12: error: identifier expected but } found
    println(s"Image enhancer length: ${imageEnhancer.}")
                                                     ^
file%3A%2F%2F%2Fhome%2Frunner%2FAOCDayTwenty%2Fmain.scala:12: error: identifier expected but } found
    println(s"Image enhancer length: ${imageEnhancer.}")
                                                     ^
	at scala.meta.internal.parsers.Reporter.syntaxError(Reporter.scala:16)
	at scala.meta.internal.parsers.Reporter.syntaxError$(Reporter.scala:16)
	at scala.meta.internal.parsers.Reporter$$anon$1.syntaxError(Reporter.scala:22)
	at scala.meta.internal.parsers.Reporter.syntaxError(Reporter.scala:17)
	at scala.meta.internal.parsers.Reporter.syntaxError$(Reporter.scala:17)
	at scala.meta.internal.parsers.Reporter$$anon$1.syntaxError(Reporter.scala:22)
	at scala.meta.internal.parsers.ScalametaParser.syntaxErrorExpected(ScalametaParser.scala:906)
	at scala.meta.internal.parsers.ScalametaParser.name(ScalametaParser.scala:1961)
	at scala.meta.internal.parsers.ScalametaParser.termName(ScalametaParser.scala:1964)
	at scala.meta.internal.parsers.ScalametaParser.$anonfun$selector$1(ScalametaParser.scala:2036)
	at scala.meta.internal.parsers.ScalametaParser.atPos(ScalametaParser.scala:853)
	at scala.meta.internal.parsers.ScalametaParser.selector(ScalametaParser.scala:2036)
	at scala.meta.internal.parsers.ScalametaParser.$anonfun$simpleExprRest$1(ScalametaParser.scala:3068)
	at scala.meta.internal.parsers.ScalametaParser.atPos(ScalametaParser.scala:853)
	at scala.meta.internal.parsers.ScalametaParser.simpleExprRest(ScalametaParser.scala:3049)
	at scala.meta.internal.parsers.ScalametaParser.$anonfun$simpleExpr0$5(ScalametaParser.scala:2995)
	at scala.util.Success.$anonfun$map$1(Try.scala:255)
	at scala.util.Success.map(Try.scala:213)
	at scala.meta.internal.parsers.ScalametaParser.$anonfun$simpleExpr0$1(ScalametaParser.scala:2995)
	at scala.meta.internal.parsers.ScalametaParser.atPosTry(ScalametaParser.scala:880)
	at scala.meta.internal.parsers.ScalametaParser.autoPosTry(ScalametaParser.scala:890)
	at scala.meta.internal.parsers.ScalametaParser.simpleExpr0(ScalametaParser.scala:2944)
	at scala.meta.internal.parsers.ScalametaParser.simpleExpr(ScalametaParser.scala:2942)
	at scala.meta.internal.parsers.ScalametaParser.prefixExpr(ScalametaParser.scala:2926)
	at scala.meta.internal.parsers.ScalametaParser.postfixExpr(ScalametaParser.scala:2906)
	at scala.meta.internal.parsers.ScalametaParser.$anonfun$expr$12(ScalametaParser.scala:2473)
	at scala.meta.internal.parsers.ScalametaParser.atPos(ScalametaParser.scala:853)
	at scala.meta.internal.parsers.ScalametaParser.autoPos(ScalametaParser.scala:887)
	at scala.meta.internal.parsers.ScalametaParser.$anonfun$expr$2(ScalametaParser.scala:2473)
	at scala.meta.internal.parsers.ScalametaParser.atPos(ScalametaParser.scala:853)
	at scala.meta.internal.parsers.ScalametaParser.autoPos(ScalametaParser.scala:887)
	at scala.meta.internal.parsers.ScalametaParser.expr(ScalametaParser.scala:2356)
	at scala.meta.internal.parsers.ScalametaParser.$anonfun$blockStatSeq$2(ScalametaParser.scala:5146)
	at scala.meta.internal.parsers.ScalametaParser.stat(ScalametaParser.scala:4988)
	at scala.meta.internal.parsers.ScalametaParser.blockStatSeq(ScalametaParser.scala:5146)
	at scala.meta.internal.parsers.ScalametaParser.blockWithStats$1(ScalametaParser.scala:3167)
	at scala.meta.internal.parsers.ScalametaParser.$anonfun$block$2(ScalametaParser.scala:3169)
	at scala.meta.internal.parsers.ScalametaParser.inBraces(ScalametaParser.scala:765)
	at scala.meta.internal.parsers.ScalametaParser.$anonfun$block$1(ScalametaParser.scala:3169)
	at scala.meta.internal.parsers.ScalametaParser.atPos(ScalametaParser.scala:853)
	at scala.meta.internal.parsers.ScalametaParser.autoPos(ScalametaParser.scala:887)
	at scala.meta.internal.parsers.ScalametaParser.block(ScalametaParser.scala:3166)
	at scala.meta.internal.parsers.ScalametaParser.$anonfun$blockExpr$1(ScalametaParser.scala:3163)
	at scala.meta.internal.parsers.ScalametaParser.atPos(ScalametaParser.scala:853)
	at scala.meta.internal.parsers.ScalametaParser.autoPos(ScalametaParser.scala:887)
	at scala.meta.internal.parsers.ScalametaParser.blockExpr(ScalametaParser.scala:3158)
	at scala.meta.internal.parsers.ScalametaParser.$anonfun$simpleExpr0$1(ScalametaParser.scala:2974)
	at scala.meta.internal.parsers.ScalametaParser.atPosTry(ScalametaParser.scala:880)
	at scala.meta.internal.parsers.ScalametaParser.autoPosTry(ScalametaParser.scala:890)
	at scala.meta.internal.parsers.ScalametaParser.simpleExpr0(ScalametaParser.scala:2944)
	at scala.meta.internal.parsers.ScalametaParser.simpleExpr(ScalametaParser.scala:2942)
	at scala.meta.internal.parsers.ScalametaParser.prefixExpr(ScalametaParser.scala:2926)
	at scala.meta.internal.parsers.ScalametaParser.postfixExpr(ScalametaParser.scala:2906)
	at scala.meta.internal.parsers.ScalametaParser.$anonfun$expr$12(ScalametaParser.scala:2473)
	at scala.meta.internal.parsers.ScalametaParser.atPos(ScalametaParser.scala:853)
	at scala.meta.internal.parsers.ScalametaParser.autoPos(ScalametaParser.scala:887)
	at scala.meta.internal.parsers.ScalametaParser.$anonfun$expr$2(ScalametaParser.scala:2473)
	at scala.meta.internal.parsers.ScalametaParser.atPos(ScalametaParser.scala:853)
	at scala.meta.internal.parsers.ScalametaParser.autoPos(ScalametaParser.scala:887)
	at scala.meta.internal.parsers.ScalametaParser.expr(ScalametaParser.scala:2356)
	at scala.meta.internal.parsers.ScalametaParser.unquoteExpr(ScalametaParser.scala:2242)
	at scala.meta.internal.parsers.ScalametaParser.$anonfun$interpolateTerm$1(ScalametaParser.scala:2166)
	at scala.meta.internal.parsers.ScalametaParser.loop$2(ScalametaParser.scala:2151)
	at scala.meta.internal.parsers.ScalametaParser.$anonfun$interpolate$1(ScalametaParser.scala:2161)
	at scala.meta.internal.parsers.ScalametaParser.atPos(ScalametaParser.scala:853)
	at scala.meta.internal.parsers.ScalametaParser.autoPos(ScalametaParser.scala:887)
	at scala.meta.internal.parsers.ScalametaParser.interpolate(ScalametaParser.scala:2125)
	at scala.meta.internal.parsers.ScalametaParser.interpolateTerm(ScalametaParser.scala:2166)
	at scala.meta.internal.parsers.ScalametaParser.$anonfun$simpleExpr0$1(ScalametaParser.scala:2959)
	at scala.meta.internal.parsers.ScalametaParser.atPosTry(ScalametaParser.scala:880)
	at scala.meta.internal.parsers.ScalametaParser.autoPosTry(ScalametaParser.scala:890)
	at scala.meta.internal.parsers.ScalametaParser.simpleExpr0(ScalametaParser.scala:2944)
	at scala.meta.internal.parsers.ScalametaParser.simpleExpr(ScalametaParser.scala:2942)
	at scala.meta.internal.parsers.ScalametaParser.prefixExpr(ScalametaParser.scala:2926)
	at scala.meta.internal.parsers.ScalametaParser.postfixExpr(ScalametaParser.scala:2906)
	at scala.meta.internal.parsers.ScalametaParser.$anonfun$expr$12(ScalametaParser.scala:2473)
	at scala.meta.internal.parsers.ScalametaParser.atPos(ScalametaParser.scala:853)
	at scala.meta.internal.parsers.ScalametaParser.autoPos(ScalametaParser.scala:887)
	at scala.meta.internal.parsers.ScalametaParser.$anonfun$expr$2(ScalametaParser.scala:2473)
	at scala.meta.internal.parsers.ScalametaParser.atPos(ScalametaParser.scala:853)
	at scala.meta.internal.parsers.ScalametaParser.autoPos(ScalametaParser.scala:887)
	at scala.meta.internal.parsers.ScalametaParser.expr(ScalametaParser.scala:2356)
	at scala.meta.internal.parsers.ScalametaParser.argumentExpr(ScalametaParser.scala:3127)
	at scala.meta.internal.parsers.ScalametaParser.$anonfun$argumentExprsWithUsing$3(ScalametaParser.scala:3143)
	at scala.meta.internal.parsers.ScalametaParser.partOrEllipsis$1(ScalametaParser.scala:1454)
	at scala.meta.internal.parsers.ScalametaParser.tokenSeparated(ScalametaParser.scala:1457)
	at scala.meta.internal.parsers.ScalametaParser.commaSeparated(ScalametaParser.scala:1466)
	at scala.meta.internal.parsers.ScalametaParser.$anonfun$argumentExprsWithUsing$1(ScalametaParser.scala:3143)
	at scala.meta.internal.parsers.ScalametaParser.inParens(ScalametaParser.scala:748)
	at scala.meta.internal.parsers.ScalametaParser.argumentExprsWithUsing(ScalametaParser.scala:3134)
	at scala.meta.internal.parsers.ScalametaParser.$anonfun$simpleExprRest$4(ScalametaParser.scala:3083)
	at scala.meta.internal.parsers.ScalametaParser.atPos(ScalametaParser.scala:853)
	at scala.meta.internal.parsers.ScalametaParser.$anonfun$simpleExprRest$1(ScalametaParser.scala:3083)
	at scala.meta.internal.parsers.ScalametaParser.atPos(ScalametaParser.scala:853)
	at scala.meta.internal.parsers.ScalametaParser.simpleExprRest(ScalametaParser.scala:3049)
	at scala.meta.internal.parsers.ScalametaParser.$anonfun$simpleExpr0$5(ScalametaParser.scala:2995)
	at scala.util.Success.$anonfun$map$1(Try.scala:255)
	at scala.util.Success.map(Try.scala:213)
	at scala.meta.internal.parsers.ScalametaParser.$anonfun$simpleExpr0$1(ScalametaParser.scala:2995)
	at scala.meta.internal.parsers.ScalametaParser.atPosTry(ScalametaParser.scala:880)
	at scala.meta.internal.parsers.ScalametaParser.autoPosTry(ScalametaParser.scala:890)
	at scala.meta.internal.parsers.ScalametaParser.simpleExpr0(ScalametaParser.scala:2944)
	at scala.meta.internal.parsers.ScalametaParser.simpleExpr(ScalametaParser.scala:2942)
	at scala.meta.internal.parsers.ScalametaParser.prefixExpr(ScalametaParser.scala:2926)
	at scala.meta.internal.parsers.ScalametaParser.postfixExpr(ScalametaParser.scala:2906)
	at scala.meta.internal.parsers.ScalametaParser.$anonfun$expr$12(ScalametaParser.scala:2473)
	at scala.meta.internal.parsers.ScalametaParser.atPos(ScalametaParser.scala:853)
	at scala.meta.internal.parsers.ScalametaParser.autoPos(ScalametaParser.scala:887)
	at scala.meta.internal.parsers.ScalametaParser.$anonfun$expr$2(ScalametaParser.scala:2473)
	at scala.meta.internal.parsers.ScalametaParser.atPos(ScalametaParser.scala:853)
	at scala.meta.internal.parsers.ScalametaParser.autoPos(ScalametaParser.scala:887)
	at scala.meta.internal.parsers.ScalametaParser.expr(ScalametaParser.scala:2356)
	at scala.meta.internal.parsers.ScalametaParser.$anonfun$blockStatSeq$2(ScalametaParser.scala:5146)
	at scala.meta.internal.parsers.ScalametaParser.stat(ScalametaParser.scala:4988)
	at scala.meta.internal.parsers.ScalametaParser.blockStatSeq(ScalametaParser.scala:5146)
	at scala.meta.internal.parsers.ScalametaParser.blockWithStats$1(ScalametaParser.scala:3167)
	at scala.meta.internal.parsers.ScalametaParser.$anonfun$block$2(ScalametaParser.scala:3169)
	at scala.meta.internal.parsers.ScalametaParser.inBraces(ScalametaParser.scala:765)
	at scala.meta.internal.parsers.ScalametaParser.$anonfun$block$1(ScalametaParser.scala:3169)
	at scala.meta.internal.parsers.ScalametaParser.atPos(ScalametaParser.scala:853)
	at scala.meta.internal.parsers.ScalametaParser.autoPos(ScalametaParser.scala:887)
	at scala.meta.internal.parsers.ScalametaParser.block(ScalametaParser.scala:3166)
	at scala.meta.internal.parsers.ScalametaParser.$anonfun$blockExpr$1(ScalametaParser.scala:3163)
	at scala.meta.internal.parsers.ScalametaParser.atPos(ScalametaParser.scala:853)
	at scala.meta.internal.parsers.ScalametaParser.autoPos(ScalametaParser.scala:887)
	at scala.meta.internal.parsers.ScalametaParser.blockExpr(ScalametaParser.scala:3158)
	at scala.meta.internal.parsers.ScalametaParser.$anonfun$simpleExpr0$1(ScalametaParser.scala:2974)
	at scala.meta.internal.parsers.ScalametaParser.atPosTry(ScalametaParser.scala:880)
	at scala.meta.internal.parsers.ScalametaParser.autoPosTry(ScalametaParser.scala:890)
	at scala.meta.internal.parsers.ScalametaParser.simpleExpr0(ScalametaParser.scala:2944)
	at scala.meta.internal.parsers.ScalametaParser.simpleExpr(ScalametaParser.scala:2942)
	at scala.meta.internal.parsers.ScalametaParser.prefixExpr(ScalametaParser.scala:2926)
	at scala.meta.internal.parsers.ScalametaParser.postfixExpr(ScalametaParser.scala:2906)
	at scala.meta.internal.parsers.ScalametaParser.$anonfun$expr$12(ScalametaParser.scala:2473)
	at scala.meta.internal.parsers.ScalametaParser.atPos(ScalametaParser.scala:853)
	at scala.meta.internal.parsers.ScalametaParser.autoPos(ScalametaParser.scala:887)
	at scala.meta.internal.parsers.ScalametaParser.$anonfun$expr$2(ScalametaParser.scala:2473)
	at scala.meta.internal.parsers.ScalametaParser.atPos(ScalametaParser.scala:853)
	at scala.meta.internal.parsers.ScalametaParser.autoPos(ScalametaParser.scala:887)
	at scala.meta.internal.parsers.ScalametaParser.expr(ScalametaParser.scala:2356)
	at scala.meta.internal.parsers.ScalametaParser.expr(ScalametaParser.scala:2233)
	at scala.meta.internal.parsers.ScalametaParser.exprMaybeIndented(ScalametaParser.scala:2261)
	at scala.meta.internal.parsers.ScalametaParser.$anonfun$funDefRest$1(ScalametaParser.scala:4429)
	at scala.meta.internal.parsers.ScalametaParser.atPos(ScalametaParser.scala:853)
	at scala.meta.internal.parsers.ScalametaParser.funDefRest(ScalametaParser.scala:4366)
	at scala.meta.internal.parsers.ScalametaParser.funDefOrDclOrExtensionOrSecondaryCtor(ScalametaParser.scala:4300)
	at scala.meta.internal.parsers.ScalametaParser.defOrDclOrSecondaryCtor(ScalametaParser.scala:4137)
	at scala.meta.internal.parsers.ScalametaParser.nonLocalDefOrDcl(ScalametaParser.scala:4122)
	at scala.meta.internal.parsers.ScalametaParser$$anonfun$templateStat$1$1.applyOrElse(ScalametaParser.scala:5070)
	at scala.meta.internal.parsers.ScalametaParser$$anonfun$templateStat$1$1.applyOrElse(ScalametaParser.scala:5064)
	at scala.runtime.AbstractPartialFunction.apply(AbstractPartialFunction.scala:38)
	at scala.meta.internal.parsers.ScalametaParser.statSeq(ScalametaParser.scala:5007)
	at scala.meta.internal.parsers.ScalametaParser.templateStats(ScalametaParser.scala:5080)
	at scala.meta.internal.parsers.ScalametaParser.templateStatSeq(ScalametaParser.scala:5060)
	at scala.meta.internal.parsers.ScalametaParser.$anonfun$templateBody$1(ScalametaParser.scala:4895)
	at scala.meta.internal.parsers.ScalametaParser.inBraces(ScalametaParser.scala:765)
	at scala.meta.internal.parsers.ScalametaParser.templateBody(ScalametaParser.scala:4895)
	at scala.meta.internal.parsers.ScalametaParser.templateBodyOpt(ScalametaParser.scala:4903)
	at scala.meta.internal.parsers.ScalametaParser.$anonfun$templateOpt$1(ScalametaParser.scala:4888)
	at scala.meta.internal.parsers.ScalametaParser.atPos(ScalametaParser.scala:853)
	at scala.meta.internal.parsers.ScalametaParser.autoPos(ScalametaParser.scala:887)
	at scala.meta.internal.parsers.ScalametaParser.templateOpt(ScalametaParser.scala:4873)
	at scala.meta.internal.parsers.ScalametaParser.$anonfun$objectDef$1(ScalametaParser.scala:4632)
	at scala.meta.internal.parsers.ScalametaParser.atPos(ScalametaParser.scala:853)
	at scala.meta.internal.parsers.ScalametaParser.objectDef(ScalametaParser.scala:4624)
	at scala.meta.internal.parsers.ScalametaParser.tmplDef(ScalametaParser.scala:4508)
	at scala.meta.internal.parsers.ScalametaParser.topLevelTmplDef(ScalametaParser.scala:4490)
	at scala.meta.internal.parsers.ScalametaParser$$anonfun$topStat$1.applyOrElse(ScalametaParser.scala:5029)
	at scala.meta.internal.parsers.ScalametaParser$$anonfun$topStat$1.applyOrElse(ScalametaParser.scala:5017)
	at scala.runtime.AbstractPartialFunction.apply(AbstractPartialFunction.scala:38)
	at scala.meta.internal.parsers.ScalametaParser.statSeq(ScalametaParser.scala:5007)
	at scala.meta.internal.parsers.ScalametaParser.topStatSeq(ScalametaParser.scala:5016)
	at scala.meta.internal.parsers.ScalametaParser.$anonfun$batchSource$1(ScalametaParser.scala:5247)
	at scala.meta.internal.parsers.ScalametaParser.atPos(ScalametaParser.scala:853)
	at scala.meta.internal.parsers.ScalametaParser.autoPos(ScalametaParser.scala:887)
	at scala.meta.internal.parsers.ScalametaParser.batchSource(ScalametaParser.scala:5206)
	at scala.meta.internal.parsers.ScalametaParser.$anonfun$source$1(ScalametaParser.scala:5189)
	at scala.meta.internal.parsers.ScalametaParser.atPos(ScalametaParser.scala:853)
	at scala.meta.internal.parsers.ScalametaParser.autoPos(ScalametaParser.scala:887)
	at scala.meta.internal.parsers.ScalametaParser.source(ScalametaParser.scala:5188)
	at scala.meta.internal.parsers.ScalametaParser.entrypointSource(ScalametaParser.scala:5194)
	at scala.meta.internal.parsers.ScalametaParser.$anonfun$parseSource$2(ScalametaParser.scala:143)
	at scala.meta.internal.parsers.ScalametaParser.parseRule(ScalametaParser.scala:53)
	at scala.meta.internal.parsers.ScalametaParser.parseSource(ScalametaParser.scala:143)
	at scala.meta.parsers.Parse$.$anonfun$parseSource$1(Parse.scala:29)
	at scala.meta.internal.parsers.ScalametaParser$$anon$263.apply(ScalametaParser.scala:5258)
	at scala.meta.parsers.Api$XtensionParseDialectInput.parse(Api.scala:25)
	at scala.meta.internal.semanticdb.scalac.ParseOps$XtensionCompilationUnitSource.toSource(ParseOps.scala:17)
	at scala.meta.internal.semanticdb.scalac.TextDocumentOps$XtensionCompilationUnitDocument.toTextDocument(TextDocumentOps.scala:201)
	at scala.meta.internal.pc.SemanticdbTextDocumentProvider.textDocument(SemanticdbTextDocumentProvider.scala:51)

Jan 19, 2022 6:59:12 PM org.eclipse.lsp4j.jsonrpc.RemoteEndpoint handleCancellation
WARNING: Unmatched cancel notification for request id 188
[0m2022.01.19 18:59:14 WARN  no build target for: /home/runner/AOCDayTwenty/main.scala[0m
Jan 19, 2022 6:59:28 PM org.eclipse.lsp4j.jsonrpc.RemoteEndpoint handleCancellation
WARNING: Unmatched cancel notification for request id 194
Jan 19, 2022 6:59:29 PM org.eclipse.lsp4j.jsonrpc.RemoteEndpoint handleCancellation
WARNING: Unmatched cancel notification for request id 195
Jan 19, 2022 6:59:32 PM org.eclipse.lsp4j.jsonrpc.RemoteEndpoint handleCancellation
WARNING: Unmatched cancel notification for request id 197
Jan 19, 2022 6:59:32 PM org.eclipse.lsp4j.jsonrpc.RemoteEndpoint handleCancellation
WARNING: Unmatched cancel notification for request id 198
Jan 19, 2022 6:59:48 PM org.eclipse.lsp4j.jsonrpc.RemoteEndpoint handleCancellation
WARNING: Unmatched cancel notification for request id 200
[0m2022.01.19 18:59:53 WARN  no build target for: /home/runner/AOCDayTwenty/main.scala[0m
